{"/Users/blineramoberg/1DV610/Laborations/visual-schedule-app/src/Controllers/ActivityController.js": {"path":"/Users/blineramoberg/1DV610/Laborations/visual-schedule-app/src/Controllers/ActivityController.js","statementMap":{"0":{"start":{"line":9,"column":4},"end":{"line":9,"column":43}},"1":{"start":{"line":10,"column":4},"end":{"line":10,"column":49}},"2":{"start":{"line":11,"column":4},"end":{"line":11,"column":51}},"3":{"start":{"line":12,"column":4},"end":{"line":12,"column":30}},"4":{"start":{"line":16,"column":4},"end":{"line":20,"column":6}},"5":{"start":{"line":17,"column":6},"end":{"line":19,"column":7}},"6":{"start":{"line":18,"column":8},"end":{"line":18,"column":41}},"7":{"start":{"line":24,"column":4},"end":{"line":27,"column":5}},"8":{"start":{"line":25,"column":6},"end":{"line":25,"column":101}},"9":{"start":{"line":26,"column":6},"end":{"line":26,"column":18}},"10":{"start":{"line":28,"column":4},"end":{"line":28,"column":15}},"11":{"start":{"line":32,"column":4},"end":{"line":48,"column":5}},"12":{"start":{"line":33,"column":6},"end":{"line":39,"column":7}},"13":{"start":{"line":41,"column":6},"end":{"line":47,"column":7}},"14":{"start":{"line":50,"column":4},"end":{"line":50,"column":42}},"15":{"start":{"line":54,"column":4},"end":{"line":54,"column":37}},"16":{"start":{"line":58,"column":22},"end":{"line":58,"column":68}},"17":{"start":{"line":60,"column":4},"end":{"line":63,"column":5}},"18":{"start":{"line":61,"column":6},"end":{"line":61,"column":52}},"19":{"start":{"line":62,"column":6},"end":{"line":62,"column":44}}},"fnMap":{"0":{"name":"(anonymous_0)","decl":{"start":{"line":8,"column":2},"end":{"line":8,"column":3}},"loc":{"start":{"line":8,"column":51},"end":{"line":13,"column":3}},"line":8},"1":{"name":"(anonymous_1)","decl":{"start":{"line":16,"column":36},"end":{"line":16,"column":37}},"loc":{"start":{"line":16,"column":50},"end":{"line":20,"column":5}},"line":16},"2":{"name":"(anonymous_2)","decl":{"start":{"line":53,"column":2},"end":{"line":53,"column":3}},"loc":{"start":{"line":53,"column":23},"end":{"line":55,"column":3}},"line":53},"3":{"name":"(anonymous_3)","decl":{"start":{"line":57,"column":2},"end":{"line":57,"column":3}},"loc":{"start":{"line":57,"column":25},"end":{"line":64,"column":3}},"line":57}},"branchMap":{"0":{"loc":{"start":{"line":17,"column":6},"end":{"line":19,"column":7}},"type":"if","locations":[{"start":{"line":17,"column":6},"end":{"line":19,"column":7}},{"start":{},"end":{}}],"line":17},"1":{"loc":{"start":{"line":24,"column":4},"end":{"line":27,"column":5}},"type":"if","locations":[{"start":{"line":24,"column":4},"end":{"line":27,"column":5}},{"start":{},"end":{}}],"line":24},"2":{"loc":{"start":{"line":24,"column":8},"end":{"line":24,"column":70}},"type":"binary-expr","locations":[{"start":{"line":24,"column":8},"end":{"line":24,"column":24}},{"start":{"line":24,"column":29},"end":{"line":24,"column":48}},{"start":{"line":24,"column":52},"end":{"line":24,"column":69}}],"line":24},"3":{"loc":{"start":{"line":32,"column":4},"end":{"line":48,"column":5}},"type":"if","locations":[{"start":{"line":32,"column":4},"end":{"line":48,"column":5}},{"start":{"line":40,"column":11},"end":{"line":48,"column":5}}],"line":32},"4":{"loc":{"start":{"line":60,"column":4},"end":{"line":63,"column":5}},"type":"if","locations":[{"start":{"line":60,"column":4},"end":{"line":63,"column":5}},{"start":{},"end":{}}],"line":60}},"s":{"0":0,"1":0,"2":0,"3":0,"4":0,"5":0,"6":0,"7":0,"8":0,"9":0,"10":0,"11":0,"12":0,"13":0,"14":0,"15":0,"16":0,"17":0,"18":0,"19":0},"f":{"0":0,"1":0,"2":0,"3":0},"b":{"0":[0,0],"1":[0,0],"2":[0,0,0],"3":[0,0],"4":[0,0]},"inputSourceMap":null}
,"/Users/blineramoberg/1DV610/Laborations/visual-schedule-app/src/Controllers/CalendarController.js": {"path":"/Users/blineramoberg/1DV610/Laborations/visual-schedule-app/src/Controllers/CalendarController.js","statementMap":{"0":{"start":{"line":10,"column":4},"end":{"line":10,"column":43}},"1":{"start":{"line":11,"column":4},"end":{"line":11,"column":39}},"2":{"start":{"line":12,"column":4},"end":{"line":12,"column":31}},"3":{"start":{"line":13,"column":4},"end":{"line":13,"column":76}},"4":{"start":{"line":17,"column":4},"end":{"line":17,"column":31}},"5":{"start":{"line":18,"column":4},"end":{"line":18,"column":24}},"6":{"start":{"line":22,"column":28},"end":{"line":22,"column":65}},"7":{"start":{"line":23,"column":22},"end":{"line":23,"column":56}},"8":{"start":{"line":24,"column":17},"end":{"line":24,"column":53}},"9":{"start":{"line":26,"column":25},"end":{"line":26,"column":71}},"10":{"start":{"line":27,"column":4},"end":{"line":29,"column":5}},"11":{"start":{"line":28,"column":6},"end":{"line":28,"column":55}},"12":{"start":{"line":31,"column":21},"end":{"line":35,"column":7}},"13":{"start":{"line":31,"column":39},"end":{"line":35,"column":5}},"14":{"start":{"line":37,"column":22},"end":{"line":42,"column":5}},"15":{"start":{"line":44,"column":4},"end":{"line":44,"column":37}},"16":{"start":{"line":48,"column":14},"end":{"line":48,"column":27}},"17":{"start":{"line":49,"column":4},"end":{"line":49,"column":34}},"18":{"start":{"line":53,"column":20},"end":{"line":53,"column":57}},"19":{"start":{"line":54,"column":20},"end":{"line":54,"column":57}},"20":{"start":{"line":56,"column":4},"end":{"line":58,"column":5}},"21":{"start":{"line":57,"column":6},"end":{"line":57,"column":69}},"22":{"start":{"line":57,"column":46},"end":{"line":57,"column":68}},"23":{"start":{"line":60,"column":4},"end":{"line":62,"column":5}},"24":{"start":{"line":61,"column":6},"end":{"line":61,"column":73}},"25":{"start":{"line":61,"column":46},"end":{"line":61,"column":72}},"26":{"start":{"line":64,"column":30},"end":{"line":64,"column":75}},"27":{"start":{"line":66,"column":4},"end":{"line":68,"column":6}},"28":{"start":{"line":67,"column":6},"end":{"line":67,"column":60}},"29":{"start":{"line":70,"column":4},"end":{"line":72,"column":6}},"30":{"start":{"line":71,"column":6},"end":{"line":71,"column":62}},"31":{"start":{"line":76,"column":4},"end":{"line":76,"column":39}},"32":{"start":{"line":77,"column":4},"end":{"line":77,"column":24}},"33":{"start":{"line":81,"column":4},"end":{"line":81,"column":43}},"34":{"start":{"line":82,"column":4},"end":{"line":82,"column":24}},"35":{"start":{"line":86,"column":4},"end":{"line":86,"column":24}}},"fnMap":{"0":{"name":"(anonymous_0)","decl":{"start":{"line":9,"column":2},"end":{"line":9,"column":3}},"loc":{"start":{"line":9,"column":57},"end":{"line":14,"column":3}},"line":9},"1":{"name":"(anonymous_1)","decl":{"start":{"line":16,"column":2},"end":{"line":16,"column":3}},"loc":{"start":{"line":16,"column":15},"end":{"line":19,"column":3}},"line":16},"2":{"name":"(anonymous_2)","decl":{"start":{"line":21,"column":2},"end":{"line":21,"column":3}},"loc":{"start":{"line":21,"column":18},"end":{"line":45,"column":3}},"line":21},"3":{"name":"(anonymous_3)","decl":{"start":{"line":31,"column":30},"end":{"line":31,"column":31}},"loc":{"start":{"line":31,"column":39},"end":{"line":35,"column":5}},"line":31},"4":{"name":"(anonymous_4)","decl":{"start":{"line":57,"column":40},"end":{"line":57,"column":41}},"loc":{"start":{"line":57,"column":46},"end":{"line":57,"column":68}},"line":57},"5":{"name":"(anonymous_5)","decl":{"start":{"line":61,"column":40},"end":{"line":61,"column":41}},"loc":{"start":{"line":61,"column":46},"end":{"line":61,"column":72}},"line":61},"6":{"name":"(anonymous_6)","decl":{"start":{"line":66,"column":51},"end":{"line":66,"column":52}},"loc":{"start":{"line":66,"column":58},"end":{"line":68,"column":5}},"line":66},"7":{"name":"(anonymous_7)","decl":{"start":{"line":70,"column":57},"end":{"line":70,"column":58}},"loc":{"start":{"line":70,"column":64},"end":{"line":72,"column":5}},"line":70},"8":{"name":"(anonymous_8)","decl":{"start":{"line":75,"column":2},"end":{"line":75,"column":3}},"loc":{"start":{"line":75,"column":20},"end":{"line":78,"column":3}},"line":75},"9":{"name":"(anonymous_9)","decl":{"start":{"line":80,"column":2},"end":{"line":80,"column":3}},"loc":{"start":{"line":80,"column":24},"end":{"line":83,"column":3}},"line":80},"10":{"name":"(anonymous_10)","decl":{"start":{"line":85,"column":2},"end":{"line":85,"column":3}},"loc":{"start":{"line":85,"column":16},"end":{"line":87,"column":3}},"line":85}},"branchMap":{"0":{"loc":{"start":{"line":27,"column":4},"end":{"line":29,"column":5}},"type":"if","locations":[{"start":{"line":27,"column":4},"end":{"line":29,"column":5}},{"start":{},"end":{}}],"line":27},"1":{"loc":{"start":{"line":49,"column":11},"end":{"line":49,"column":34}},"type":"cond-expr","locations":[{"start":{"line":49,"column":23},"end":{"line":49,"column":24}},{"start":{"line":49,"column":27},"end":{"line":49,"column":34}}],"line":49},"2":{"loc":{"start":{"line":56,"column":4},"end":{"line":58,"column":5}},"type":"if","locations":[{"start":{"line":56,"column":4},"end":{"line":58,"column":5}},{"start":{},"end":{}}],"line":56},"3":{"loc":{"start":{"line":60,"column":4},"end":{"line":62,"column":5}},"type":"if","locations":[{"start":{"line":60,"column":4},"end":{"line":62,"column":5}},{"start":{},"end":{}}],"line":60}},"s":{"0":0,"1":0,"2":0,"3":0,"4":0,"5":0,"6":0,"7":0,"8":0,"9":0,"10":0,"11":0,"12":0,"13":0,"14":0,"15":0,"16":0,"17":0,"18":0,"19":0,"20":0,"21":0,"22":0,"23":0,"24":0,"25":0,"26":0,"27":0,"28":0,"29":0,"30":0,"31":0,"32":0,"33":0,"34":0,"35":0},"f":{"0":0,"1":0,"2":0,"3":0,"4":0,"5":0,"6":0,"7":0,"8":0,"9":0,"10":0},"b":{"0":[0,0],"1":[0,0],"2":[0,0],"3":[0,0]},"inputSourceMap":null}
,"/Users/blineramoberg/1DV610/Laborations/visual-schedule-app/src/Views/ActivityFormView.js": {"path":"/Users/blineramoberg/1DV610/Laborations/visual-schedule-app/src/Views/ActivityFormView.js","statementMap":{"0":{"start":{"line":7,"column":4},"end":{"line":7,"column":59}},"1":{"start":{"line":8,"column":4},"end":{"line":8,"column":57}},"2":{"start":{"line":9,"column":4},"end":{"line":9,"column":31}},"3":{"start":{"line":13,"column":4},"end":{"line":13,"column":48}},"4":{"start":{"line":14,"column":4},"end":{"line":14,"column":34}},"5":{"start":{"line":15,"column":4},"end":{"line":15,"column":42}},"6":{"start":{"line":19,"column":4},"end":{"line":19,"column":39}},"7":{"start":{"line":20,"column":4},"end":{"line":20,"column":22}},"8":{"start":{"line":21,"column":4},"end":{"line":21,"column":26}},"9":{"start":{"line":25,"column":4},"end":{"line":25,"column":37}},"10":{"start":{"line":29,"column":19},"end":{"line":29,"column":69}},"11":{"start":{"line":31,"column":4},"end":{"line":39,"column":5}},"12":{"start":{"line":43,"column":4},"end":{"line":43,"column":18}},"13":{"start":{"line":47,"column":21},"end":{"line":47,"column":99}},"14":{"start":{"line":48,"column":24},"end":{"line":48,"column":67}},"15":{"start":{"line":49,"column":4},"end":{"line":51,"column":5}},"16":{"start":{"line":50,"column":6},"end":{"line":50,"column":55}},"17":{"start":{"line":55,"column":4},"end":{"line":55,"column":62}},"18":{"start":{"line":56,"column":4},"end":{"line":56,"column":62}},"19":{"start":{"line":57,"column":4},"end":{"line":57,"column":69}},"20":{"start":{"line":59,"column":25},"end":{"line":59,"column":74}},"21":{"start":{"line":60,"column":4},"end":{"line":60,"column":51}},"22":{"start":{"line":60,"column":22},"end":{"line":60,"column":51}},"23":{"start":{"line":64,"column":4},"end":{"line":64,"column":29}},"24":{"start":{"line":65,"column":4},"end":{"line":65,"column":28}},"25":{"start":{"line":66,"column":4},"end":{"line":66,"column":27}},"26":{"start":{"line":67,"column":4},"end":{"line":67,"column":29}},"27":{"start":{"line":71,"column":21},"end":{"line":71,"column":63}},"28":{"start":{"line":72,"column":23},"end":{"line":72,"column":61}},"29":{"start":{"line":74,"column":4},"end":{"line":80,"column":6}},"30":{"start":{"line":75,"column":6},"end":{"line":75,"column":61}},"31":{"start":{"line":76,"column":6},"end":{"line":79,"column":7}},"32":{"start":{"line":77,"column":8},"end":{"line":77,"column":60}},"33":{"start":{"line":78,"column":8},"end":{"line":78,"column":58}},"34":{"start":{"line":84,"column":19},"end":{"line":84,"column":60}},"35":{"start":{"line":85,"column":18},"end":{"line":85,"column":58}},"36":{"start":{"line":86,"column":20},"end":{"line":86,"column":69}},"37":{"start":{"line":88,"column":4},"end":{"line":92,"column":6}},"38":{"start":{"line":89,"column":20},"end":{"line":89,"column":36}},"39":{"start":{"line":90,"column":6},"end":{"line":90,"column":25}},"40":{"start":{"line":91,"column":6},"end":{"line":91,"column":46}},"41":{"start":{"line":91,"column":19},"end":{"line":91,"column":46}},"42":{"start":{"line":96,"column":4},"end":{"line":102,"column":6}},"43":{"start":{"line":97,"column":6},"end":{"line":97,"column":24}},"44":{"start":{"line":98,"column":6},"end":{"line":100,"column":7}},"45":{"start":{"line":99,"column":8},"end":{"line":99,"column":50}},"46":{"start":{"line":101,"column":6},"end":{"line":101,"column":17}},"47":{"start":{"line":106,"column":4},"end":{"line":106,"column":90}},"48":{"start":{"line":106,"column":78},"end":{"line":106,"column":89}},"49":{"start":{"line":107,"column":4},"end":{"line":107,"column":89}},"50":{"start":{"line":107,"column":77},"end":{"line":107,"column":88}},"51":{"start":{"line":108,"column":4},"end":{"line":110,"column":6}},"52":{"start":{"line":109,"column":6},"end":{"line":109,"column":47}},"53":{"start":{"line":109,"column":36},"end":{"line":109,"column":47}}},"fnMap":{"0":{"name":"(anonymous_0)","decl":{"start":{"line":6,"column":2},"end":{"line":6,"column":3}},"loc":{"start":{"line":6,"column":16},"end":{"line":10,"column":3}},"line":6},"1":{"name":"(anonymous_1)","decl":{"start":{"line":12,"column":2},"end":{"line":12,"column":3}},"loc":{"start":{"line":12,"column":13},"end":{"line":16,"column":3}},"line":12},"2":{"name":"(anonymous_2)","decl":{"start":{"line":18,"column":2},"end":{"line":18,"column":3}},"loc":{"start":{"line":18,"column":9},"end":{"line":22,"column":3}},"line":18},"3":{"name":"(anonymous_3)","decl":{"start":{"line":24,"column":2},"end":{"line":24,"column":3}},"loc":{"start":{"line":24,"column":21},"end":{"line":26,"column":3}},"line":24},"4":{"name":"(anonymous_4)","decl":{"start":{"line":28,"column":2},"end":{"line":28,"column":3}},"loc":{"start":{"line":28,"column":16},"end":{"line":40,"column":3}},"line":28},"5":{"name":"(anonymous_5)","decl":{"start":{"line":42,"column":2},"end":{"line":42,"column":3}},"loc":{"start":{"line":42,"column":21},"end":{"line":44,"column":3}},"line":42},"6":{"name":"(anonymous_6)","decl":{"start":{"line":74,"column":41},"end":{"line":74,"column":42}},"loc":{"start":{"line":74,"column":47},"end":{"line":80,"column":5}},"line":74},"7":{"name":"(anonymous_7)","decl":{"start":{"line":88,"column":44},"end":{"line":88,"column":45}},"loc":{"start":{"line":88,"column":51},"end":{"line":92,"column":5}},"line":88},"8":{"name":"(anonymous_8)","decl":{"start":{"line":96,"column":42},"end":{"line":96,"column":43}},"loc":{"start":{"line":96,"column":49},"end":{"line":102,"column":5}},"line":96},"9":{"name":"(anonymous_9)","decl":{"start":{"line":106,"column":72},"end":{"line":106,"column":73}},"loc":{"start":{"line":106,"column":78},"end":{"line":106,"column":89}},"line":106},"10":{"name":"(anonymous_10)","decl":{"start":{"line":107,"column":71},"end":{"line":107,"column":72}},"loc":{"start":{"line":107,"column":77},"end":{"line":107,"column":88}},"line":107},"11":{"name":"(anonymous_11)","decl":{"start":{"line":108,"column":42},"end":{"line":108,"column":43}},"loc":{"start":{"line":108,"column":49},"end":{"line":110,"column":5}},"line":108}},"branchMap":{"0":{"loc":{"start":{"line":34,"column":17},"end":{"line":34,"column":83}},"type":"cond-expr","locations":[{"start":{"line":34,"column":26},"end":{"line":34,"column":33}},{"start":{"line":34,"column":36},"end":{"line":34,"column":83}}],"line":34},"1":{"loc":{"start":{"line":35,"column":15},"end":{"line":35,"column":79}},"type":"cond-expr","locations":[{"start":{"line":35,"column":24},"end":{"line":35,"column":31}},{"start":{"line":35,"column":34},"end":{"line":35,"column":79}}],"line":35},"2":{"loc":{"start":{"line":49,"column":4},"end":{"line":51,"column":5}},"type":"if","locations":[{"start":{"line":49,"column":4},"end":{"line":51,"column":5}},{"start":{},"end":{}}],"line":49},"3":{"loc":{"start":{"line":60,"column":4},"end":{"line":60,"column":51}},"type":"if","locations":[{"start":{"line":60,"column":4},"end":{"line":60,"column":51}},{"start":{},"end":{}}],"line":60},"4":{"loc":{"start":{"line":76,"column":6},"end":{"line":79,"column":7}},"type":"if","locations":[{"start":{"line":76,"column":6},"end":{"line":79,"column":7}},{"start":{},"end":{}}],"line":76},"5":{"loc":{"start":{"line":91,"column":6},"end":{"line":91,"column":46}},"type":"if","locations":[{"start":{"line":91,"column":6},"end":{"line":91,"column":46}},{"start":{},"end":{}}],"line":91},"6":{"loc":{"start":{"line":98,"column":6},"end":{"line":100,"column":7}},"type":"if","locations":[{"start":{"line":98,"column":6},"end":{"line":100,"column":7}},{"start":{},"end":{}}],"line":98},"7":{"loc":{"start":{"line":109,"column":6},"end":{"line":109,"column":47}},"type":"if","locations":[{"start":{"line":109,"column":6},"end":{"line":109,"column":47}},{"start":{},"end":{}}],"line":109}},"s":{"0":0,"1":0,"2":0,"3":0,"4":0,"5":0,"6":0,"7":0,"8":0,"9":0,"10":0,"11":0,"12":0,"13":0,"14":0,"15":0,"16":0,"17":0,"18":0,"19":0,"20":0,"21":0,"22":0,"23":0,"24":0,"25":0,"26":0,"27":0,"28":0,"29":0,"30":0,"31":0,"32":0,"33":0,"34":0,"35":0,"36":0,"37":0,"38":0,"39":0,"40":0,"41":0,"42":0,"43":0,"44":0,"45":0,"46":0,"47":0,"48":0,"49":0,"50":0,"51":0,"52":0,"53":0},"f":{"0":0,"1":0,"2":0,"3":0,"4":0,"5":0,"6":0,"7":0,"8":0,"9":0,"10":0,"11":0},"b":{"0":[0,0],"1":[0,0],"2":[0,0],"3":[0,0],"4":[0,0],"5":[0,0],"6":[0,0],"7":[0,0]},"inputSourceMap":null}
,"/Users/blineramoberg/1DV610/Laborations/visual-schedule-app/src/Views/MonthView.js": {"path":"/Users/blineramoberg/1DV610/Laborations/visual-schedule-app/src/Views/MonthView.js","statementMap":{"0":{"start":{"line":5,"column":4},"end":{"line":5,"column":31}},"1":{"start":{"line":9,"column":4},"end":{"line":9,"column":34}},"2":{"start":{"line":10,"column":4},"end":{"line":10,"column":32}},"3":{"start":{"line":11,"column":4},"end":{"line":11,"column":31}},"4":{"start":{"line":16,"column":21},"end":{"line":16,"column":99}},"5":{"start":{"line":17,"column":16},"end":{"line":17,"column":45}},"6":{"start":{"line":18,"column":4},"end":{"line":18,"column":34}},"7":{"start":{"line":20,"column":4},"end":{"line":20,"column":76}},"8":{"start":{"line":20,"column":28},"end":{"line":20,"column":75}},"9":{"start":{"line":21,"column":4},"end":{"line":21,"column":36}},"10":{"start":{"line":25,"column":17},"end":{"line":25,"column":46}},"11":{"start":{"line":26,"column":4},"end":{"line":26,"column":37}},"12":{"start":{"line":27,"column":4},"end":{"line":27,"column":26}},"13":{"start":{"line":28,"column":4},"end":{"line":28,"column":15}},"14":{"start":{"line":33,"column":17},"end":{"line":33,"column":46}},"15":{"start":{"line":34,"column":4},"end":{"line":34,"column":32}},"16":{"start":{"line":36,"column":4},"end":{"line":36,"column":55}},"17":{"start":{"line":37,"column":4},"end":{"line":37,"column":77}},"18":{"start":{"line":37,"column":34},"end":{"line":37,"column":76}},"19":{"start":{"line":39,"column":4},"end":{"line":39,"column":37}},"20":{"start":{"line":43,"column":4},"end":{"line":47,"column":5}},"21":{"start":{"line":43,"column":17},"end":{"line":43,"column":18}},"22":{"start":{"line":44,"column":20},"end":{"line":44,"column":49}},"23":{"start":{"line":45,"column":6},"end":{"line":45,"column":40}},"24":{"start":{"line":46,"column":6},"end":{"line":46,"column":29}},"25":{"start":{"line":51,"column":17},"end":{"line":51,"column":46}},"26":{"start":{"line":52,"column":4},"end":{"line":52,"column":31}},"27":{"start":{"line":53,"column":4},"end":{"line":53,"column":52}},"28":{"start":{"line":54,"column":4},"end":{"line":54,"column":33}},"29":{"start":{"line":56,"column":4},"end":{"line":60,"column":6}},"30":{"start":{"line":57,"column":6},"end":{"line":59,"column":7}},"31":{"start":{"line":58,"column":8},"end":{"line":58,"column":34}},"32":{"start":{"line":62,"column":4},"end":{"line":62,"column":53}},"33":{"start":{"line":64,"column":4},"end":{"line":67,"column":5}},"34":{"start":{"line":65,"column":19},"end":{"line":65,"column":50}},"35":{"start":{"line":66,"column":6},"end":{"line":66,"column":28}},"36":{"start":{"line":69,"column":4},"end":{"line":69,"column":15}},"37":{"start":{"line":73,"column":18},"end":{"line":73,"column":47}},"38":{"start":{"line":74,"column":4},"end":{"line":74,"column":28}},"39":{"start":{"line":75,"column":4},"end":{"line":75,"column":38}},"40":{"start":{"line":76,"column":4},"end":{"line":76,"column":16}},"41":{"start":{"line":81,"column":17},"end":{"line":81,"column":45}},"42":{"start":{"line":82,"column":4},"end":{"line":82,"column":38}},"43":{"start":{"line":84,"column":4},"end":{"line":84,"column":102}},"44":{"start":{"line":84,"column":39},"end":{"line":84,"column":101}},"45":{"start":{"line":85,"column":4},"end":{"line":85,"column":15}},"46":{"start":{"line":89,"column":17},"end":{"line":89,"column":45}},"47":{"start":{"line":90,"column":4},"end":{"line":90,"column":36}},"48":{"start":{"line":92,"column":17},"end":{"line":92,"column":44}},"49":{"start":{"line":93,"column":17},"end":{"line":93,"column":47}},"50":{"start":{"line":94,"column":4},"end":{"line":94,"column":49}},"51":{"start":{"line":95,"column":4},"end":{"line":95,"column":26}},"52":{"start":{"line":97,"column":22},"end":{"line":97,"column":62}},"53":{"start":{"line":98,"column":4},"end":{"line":98,"column":31}},"54":{"start":{"line":100,"column":4},"end":{"line":100,"column":15}},"55":{"start":{"line":104,"column":16},"end":{"line":104,"column":48}},"56":{"start":{"line":105,"column":4},"end":{"line":105,"column":41}},"57":{"start":{"line":106,"column":4},"end":{"line":106,"column":25}},"58":{"start":{"line":107,"column":4},"end":{"line":107,"column":33}},"59":{"start":{"line":109,"column":4},"end":{"line":112,"column":6}},"60":{"start":{"line":110,"column":6},"end":{"line":110,"column":25}},"61":{"start":{"line":111,"column":6},"end":{"line":111,"column":44}},"62":{"start":{"line":114,"column":4},"end":{"line":114,"column":14}},"63":{"start":{"line":119,"column":4},"end":{"line":119,"column":67}},"64":{"start":{"line":123,"column":4},"end":{"line":123,"column":51}},"65":{"start":{"line":127,"column":18},"end":{"line":127,"column":66}},"66":{"start":{"line":128,"column":4},"end":{"line":128,"column":40}}},"fnMap":{"0":{"name":"(anonymous_0)","decl":{"start":{"line":4,"column":2},"end":{"line":4,"column":3}},"loc":{"start":{"line":4,"column":25},"end":{"line":6,"column":3}},"line":4},"1":{"name":"(anonymous_1)","decl":{"start":{"line":8,"column":2},"end":{"line":8,"column":3}},"loc":{"start":{"line":8,"column":20},"end":{"line":12,"column":3}},"line":8},"2":{"name":"(anonymous_2)","decl":{"start":{"line":20,"column":21},"end":{"line":20,"column":22}},"loc":{"start":{"line":20,"column":28},"end":{"line":20,"column":75}},"line":20},"3":{"name":"(anonymous_3)","decl":{"start":{"line":37,"column":27},"end":{"line":37,"column":28}},"loc":{"start":{"line":37,"column":34},"end":{"line":37,"column":76}},"line":37},"4":{"name":"(anonymous_4)","decl":{"start":{"line":56,"column":35},"end":{"line":56,"column":36}},"loc":{"start":{"line":56,"column":42},"end":{"line":60,"column":5}},"line":56},"5":{"name":"(anonymous_5)","decl":{"start":{"line":84,"column":27},"end":{"line":84,"column":28}},"loc":{"start":{"line":84,"column":39},"end":{"line":84,"column":101}},"line":84},"6":{"name":"(anonymous_6)","decl":{"start":{"line":109,"column":34},"end":{"line":109,"column":35}},"loc":{"start":{"line":109,"column":41},"end":{"line":112,"column":5}},"line":109}},"branchMap":{"0":{"loc":{"start":{"line":53,"column":33},"end":{"line":53,"column":52}},"type":"binary-expr","locations":[{"start":{"line":53,"column":33},"end":{"line":53,"column":42}},{"start":{"line":53,"column":46},"end":{"line":53,"column":52}}],"line":53},"1":{"loc":{"start":{"line":57,"column":6},"end":{"line":59,"column":7}},"type":"if","locations":[{"start":{"line":57,"column":6},"end":{"line":59,"column":7}},{"start":{},"end":{}}],"line":57},"2":{"loc":{"start":{"line":64,"column":4},"end":{"line":67,"column":5}},"type":"if","locations":[{"start":{"line":64,"column":4},"end":{"line":67,"column":5}},{"start":{},"end":{}}],"line":64},"3":{"loc":{"start":{"line":92,"column":17},"end":{"line":92,"column":44}},"type":"binary-expr","locations":[{"start":{"line":92,"column":17},"end":{"line":92,"column":38}},{"start":{"line":92,"column":42},"end":{"line":92,"column":44}}],"line":92}},"s":{"0":0,"1":0,"2":0,"3":0,"4":0,"5":0,"6":0,"7":0,"8":0,"9":0,"10":0,"11":0,"12":0,"13":0,"14":0,"15":0,"16":0,"17":0,"18":0,"19":0,"20":0,"21":0,"22":0,"23":0,"24":0,"25":0,"26":0,"27":0,"28":0,"29":0,"30":0,"31":0,"32":0,"33":0,"34":0,"35":0,"36":0,"37":0,"38":0,"39":0,"40":0,"41":0,"42":0,"43":0,"44":0,"45":0,"46":0,"47":0,"48":0,"49":0,"50":0,"51":0,"52":0,"53":0,"54":0,"55":0,"56":0,"57":0,"58":0,"59":0,"60":0,"61":0,"62":0,"63":0,"64":0,"65":0,"66":0},"f":{"0":0,"1":0,"2":0,"3":0,"4":0,"5":0,"6":0},"b":{"0":[0,0],"1":[0,0],"2":[0,0],"3":[0,0]},"inputSourceMap":null}
,"/Users/blineramoberg/1DV610/Laborations/visual-schedule-app/src/constants/messages.js": {"path":"/Users/blineramoberg/1DV610/Laborations/visual-schedule-app/src/constants/messages.js","statementMap":{"0":{"start":{"line":1,"column":32},"end":{"line":13,"column":1}},"1":{"start":{"line":15,"column":30},"end":{"line":18,"column":1}}},"fnMap":{},"branchMap":{},"s":{"0":1,"1":1},"f":{},"b":{},"inputSourceMap":null,"_coverageSchema":"1a1c01bbd47fc00a2c39e90264f33305004495a9","hash":"91f836ea62581fbdeae64d4d511c0aeb7553cd48"}
,"/Users/blineramoberg/1DV610/Laborations/visual-schedule-app/src/models/CalendarModel.js": {"path":"/Users/blineramoberg/1DV610/Laborations/visual-schedule-app/src/models/CalendarModel.js","statementMap":{"0":{"start":{"line":7,"column":4},"end":{"line":7,"column":34}},"1":{"start":{"line":11,"column":4},"end":{"line":14,"column":5}},"2":{"start":{"line":18,"column":28},"end":{"line":18,"column":50}},"3":{"start":{"line":19,"column":24},"end":{"line":19,"column":62}},"4":{"start":{"line":20,"column":17},"end":{"line":20,"column":19}},"5":{"start":{"line":21,"column":4},"end":{"line":23,"column":5}},"6":{"start":{"line":21,"column":19},"end":{"line":21,"column":20}},"7":{"start":{"line":22,"column":6},"end":{"line":22,"column":43}},"8":{"start":{"line":24,"column":4},"end":{"line":24,"column":15}},"9":{"start":{"line":29,"column":4},"end":{"line":29,"column":32}},"10":{"start":{"line":33,"column":4},"end":{"line":33,"column":64}},"11":{"start":{"line":37,"column":4},"end":{"line":37,"column":64}},"12":{"start":{"line":41,"column":23},"end":{"line":44,"column":5}},"13":{"start":{"line":45,"column":4},"end":{"line":45,"column":28}}},"fnMap":{"0":{"name":"(anonymous_0)","decl":{"start":{"line":6,"column":2},"end":{"line":6,"column":3}},"loc":{"start":{"line":6,"column":16},"end":{"line":8,"column":3}},"line":6},"1":{"name":"(anonymous_1)","decl":{"start":{"line":10,"column":2},"end":{"line":10,"column":3}},"loc":{"start":{"line":10,"column":20},"end":{"line":15,"column":3}},"line":10},"2":{"name":"(anonymous_2)","decl":{"start":{"line":17,"column":2},"end":{"line":17,"column":3}},"loc":{"start":{"line":17,"column":19},"end":{"line":26,"column":3}},"line":17},"3":{"name":"(anonymous_3)","decl":{"start":{"line":28,"column":2},"end":{"line":28,"column":3}},"loc":{"start":{"line":28,"column":23},"end":{"line":30,"column":3}},"line":28},"4":{"name":"(anonymous_4)","decl":{"start":{"line":32,"column":2},"end":{"line":32,"column":3}},"loc":{"start":{"line":32,"column":18},"end":{"line":34,"column":3}},"line":32},"5":{"name":"(anonymous_5)","decl":{"start":{"line":36,"column":2},"end":{"line":36,"column":3}},"loc":{"start":{"line":36,"column":22},"end":{"line":38,"column":3}},"line":36},"6":{"name":"(anonymous_6)","decl":{"start":{"line":40,"column":2},"end":{"line":40,"column":3}},"loc":{"start":{"line":40,"column":53},"end":{"line":46,"column":3}},"line":40}},"branchMap":{"0":{"loc":{"start":{"line":40,"column":15},"end":{"line":40,"column":51}},"type":"default-arg","locations":[{"start":{"line":40,"column":23},"end":{"line":40,"column":51}}],"line":40}},"s":{"0":6,"1":7,"2":2,"3":2,"4":2,"5":2,"6":2,"7":62,"8":2,"9":1,"10":1,"11":1,"12":1,"13":1},"f":{"0":6,"1":7,"2":2,"3":1,"4":1,"5":1,"6":1},"b":{"0":[1]},"inputSourceMap":null,"_coverageSchema":"1a1c01bbd47fc00a2c39e90264f33305004495a9","hash":"9f508bba47dd435328924c453ad87d949acb5517"}
,"/Users/blineramoberg/1DV610/Laborations/visual-schedule-app/src/models/ScheduleManager.js": {"path":"/Users/blineramoberg/1DV610/Laborations/visual-schedule-app/src/models/ScheduleManager.js","statementMap":{"0":{"start":{"line":11,"column":4},"end":{"line":11,"column":45}},"1":{"start":{"line":12,"column":4},"end":{"line":12,"column":38}},"2":{"start":{"line":13,"column":4},"end":{"line":13,"column":75}},"3":{"start":{"line":14,"column":4},"end":{"line":14,"column":26}},"4":{"start":{"line":18,"column":21},"end":{"line":18,"column":69}},"5":{"start":{"line":20,"column":20},"end":{"line":20,"column":42}},"6":{"start":{"line":22,"column":4},"end":{"line":24,"column":5}},"7":{"start":{"line":23,"column":6},"end":{"line":23,"column":45}},"8":{"start":{"line":26,"column":4},"end":{"line":26,"column":54}},"9":{"start":{"line":27,"column":4},"end":{"line":27,"column":26}},"10":{"start":{"line":29,"column":4},"end":{"line":29,"column":19}},"11":{"start":{"line":33,"column":20},"end":{"line":33,"column":42}},"12":{"start":{"line":34,"column":4},"end":{"line":34,"column":52}},"13":{"start":{"line":38,"column":26},"end":{"line":38,"column":28}},"14":{"start":{"line":40,"column":4},"end":{"line":45,"column":5}},"15":{"start":{"line":41,"column":19},"end":{"line":41,"column":36}},"16":{"start":{"line":42,"column":6},"end":{"line":44,"column":7}},"17":{"start":{"line":43,"column":8},"end":{"line":43,"column":41}},"18":{"start":{"line":47,"column":4},"end":{"line":47,"column":24}},"19":{"start":{"line":51,"column":4},"end":{"line":63,"column":5}},"20":{"start":{"line":52,"column":20},"end":{"line":56,"column":7}},"21":{"start":{"line":53,"column":8},"end":{"line":55,"column":38}},"22":{"start":{"line":58,"column":6},"end":{"line":62,"column":7}},"23":{"start":{"line":59,"column":8},"end":{"line":59,"column":35}},"24":{"start":{"line":60,"column":8},"end":{"line":60,"column":30}},"25":{"start":{"line":61,"column":8},"end":{"line":61,"column":19}},"26":{"start":{"line":64,"column":4},"end":{"line":64,"column":16}},"27":{"start":{"line":68,"column":4},"end":{"line":68,"column":34}},"28":{"start":{"line":69,"column":4},"end":{"line":69,"column":32}},"29":{"start":{"line":73,"column":17},"end":{"line":73,"column":44}},"30":{"start":{"line":74,"column":4},"end":{"line":74,"column":35}},"31":{"start":{"line":78,"column":17},"end":{"line":78,"column":44}},"32":{"start":{"line":80,"column":4},"end":{"line":82,"column":5}},"33":{"start":{"line":81,"column":6},"end":{"line":81,"column":39}},"34":{"start":{"line":86,"column":17},"end":{"line":86,"column":19}},"35":{"start":{"line":88,"column":4},"end":{"line":95,"column":5}},"36":{"start":{"line":89,"column":6},"end":{"line":94,"column":9}},"37":{"start":{"line":89,"column":50},"end":{"line":94,"column":7}},"38":{"start":{"line":97,"column":4},"end":{"line":97,"column":15}},"39":{"start":{"line":101,"column":4},"end":{"line":112,"column":5}},"40":{"start":{"line":102,"column":30},"end":{"line":109,"column":8}},"41":{"start":{"line":103,"column":8},"end":{"line":108,"column":9}},"42":{"start":{"line":111,"column":6},"end":{"line":111,"column":58}},"43":{"start":{"line":116,"column":4},"end":{"line":116,"column":43}},"44":{"start":{"line":120,"column":4},"end":{"line":120,"column":45}},"45":{"start":{"line":121,"column":4},"end":{"line":121,"column":29}},"46":{"start":{"line":125,"column":4},"end":{"line":125,"column":29}},"47":{"start":{"line":129,"column":21},"end":{"line":129,"column":59}},"48":{"start":{"line":130,"column":4},"end":{"line":132,"column":5}},"49":{"start":{"line":131,"column":6},"end":{"line":131,"column":28}},"50":{"start":{"line":133,"column":4},"end":{"line":133,"column":19}}},"fnMap":{"0":{"name":"(anonymous_0)","decl":{"start":{"line":10,"column":2},"end":{"line":10,"column":3}},"loc":{"start":{"line":10,"column":16},"end":{"line":15,"column":3}},"line":10},"1":{"name":"(anonymous_1)","decl":{"start":{"line":17,"column":2},"end":{"line":17,"column":3}},"loc":{"start":{"line":17,"column":58},"end":{"line":30,"column":3}},"line":17},"2":{"name":"(anonymous_2)","decl":{"start":{"line":32,"column":2},"end":{"line":32,"column":3}},"loc":{"start":{"line":32,"column":29},"end":{"line":35,"column":3}},"line":32},"3":{"name":"(anonymous_3)","decl":{"start":{"line":37,"column":2},"end":{"line":37,"column":3}},"loc":{"start":{"line":37,"column":37},"end":{"line":48,"column":3}},"line":37},"4":{"name":"(anonymous_4)","decl":{"start":{"line":50,"column":2},"end":{"line":50,"column":3}},"loc":{"start":{"line":50,"column":27},"end":{"line":65,"column":3}},"line":50},"5":{"name":"(anonymous_5)","decl":{"start":{"line":52,"column":41},"end":{"line":52,"column":42}},"loc":{"start":{"line":53,"column":8},"end":{"line":55,"column":38}},"line":53},"6":{"name":"(anonymous_6)","decl":{"start":{"line":67,"column":2},"end":{"line":67,"column":3}},"loc":{"start":{"line":67,"column":17},"end":{"line":70,"column":3}},"line":67},"7":{"name":"(anonymous_7)","decl":{"start":{"line":89,"column":37},"end":{"line":89,"column":38}},"loc":{"start":{"line":89,"column":50},"end":{"line":94,"column":7}},"line":89},"8":{"name":"(anonymous_8)","decl":{"start":{"line":102,"column":45},"end":{"line":102,"column":46}},"loc":{"start":{"line":102,"column":56},"end":{"line":109,"column":7}},"line":102},"9":{"name":"(anonymous_9)","decl":{"start":{"line":119,"column":2},"end":{"line":119,"column":3}},"loc":{"start":{"line":119,"column":25},"end":{"line":122,"column":3}},"line":119},"10":{"name":"(anonymous_10)","decl":{"start":{"line":124,"column":2},"end":{"line":124,"column":3}},"loc":{"start":{"line":124,"column":20},"end":{"line":126,"column":3}},"line":124},"11":{"name":"(anonymous_11)","decl":{"start":{"line":128,"column":2},"end":{"line":128,"column":3}},"loc":{"start":{"line":128,"column":46},"end":{"line":134,"column":3}},"line":128}},"branchMap":{"0":{"loc":{"start":{"line":22,"column":4},"end":{"line":24,"column":5}},"type":"if","locations":[{"start":{"line":22,"column":4},"end":{"line":24,"column":5}},{"start":{},"end":{}}],"line":22},"1":{"loc":{"start":{"line":34,"column":11},"end":{"line":34,"column":52}},"type":"binary-expr","locations":[{"start":{"line":34,"column":11},"end":{"line":34,"column":46}},{"start":{"line":34,"column":50},"end":{"line":34,"column":52}}],"line":34},"2":{"loc":{"start":{"line":42,"column":6},"end":{"line":44,"column":7}},"type":"if","locations":[{"start":{"line":42,"column":6},"end":{"line":44,"column":7}},{"start":{},"end":{}}],"line":42},"3":{"loc":{"start":{"line":42,"column":10},"end":{"line":42,"column":66}},"type":"binary-expr","locations":[{"start":{"line":42,"column":10},"end":{"line":42,"column":37}},{"start":{"line":42,"column":41},"end":{"line":42,"column":66}}],"line":42},"4":{"loc":{"start":{"line":53,"column":8},"end":{"line":55,"column":38}},"type":"binary-expr","locations":[{"start":{"line":53,"column":8},"end":{"line":53,"column":32}},{"start":{"line":54,"column":8},"end":{"line":54,"column":42}},{"start":{"line":55,"column":8},"end":{"line":55,"column":38}}],"line":53},"5":{"loc":{"start":{"line":58,"column":6},"end":{"line":62,"column":7}},"type":"if","locations":[{"start":{"line":58,"column":6},"end":{"line":62,"column":7}},{"start":{},"end":{}}],"line":58},"6":{"loc":{"start":{"line":80,"column":4},"end":{"line":82,"column":5}},"type":"if","locations":[{"start":{"line":80,"column":4},"end":{"line":82,"column":5}},{"start":{},"end":{}}],"line":80},"7":{"loc":{"start":{"line":93,"column":14},"end":{"line":93,"column":41}},"type":"binary-expr","locations":[{"start":{"line":93,"column":14},"end":{"line":93,"column":35}},{"start":{"line":93,"column":39},"end":{"line":93,"column":41}}],"line":93},"8":{"loc":{"start":{"line":130,"column":4},"end":{"line":132,"column":5}},"type":"if","locations":[{"start":{"line":130,"column":4},"end":{"line":132,"column":5}},{"start":{},"end":{}}],"line":130}},"s":{"0":4,"1":4,"2":4,"3":4,"4":3,"5":3,"6":3,"7":2,"8":3,"9":3,"10":3,"11":1,"12":1,"13":0,"14":0,"15":0,"16":0,"17":0,"18":0,"19":0,"20":0,"21":0,"22":0,"23":0,"24":0,"25":0,"26":0,"27":0,"28":0,"29":3,"30":3,"31":4,"32":4,"33":0,"34":3,"35":3,"36":3,"37":4,"38":3,"39":0,"40":0,"41":0,"42":0,"43":4,"44":1,"45":1,"46":1,"47":3,"48":3,"49":3,"50":3},"f":{"0":4,"1":3,"2":1,"3":0,"4":0,"5":0,"6":0,"7":4,"8":0,"9":1,"10":1,"11":3},"b":{"0":[2,1],"1":[1,0],"2":[0,0],"3":[0,0],"4":[0,0,0],"5":[0,0],"6":[0,4],"7":[4,0],"8":[3,0]},"inputSourceMap":null,"_coverageSchema":"1a1c01bbd47fc00a2c39e90264f33305004495a9","hash":"ef7748c3e685b00e94b4797b69b0ccff0122b5a4"}
,"/Users/blineramoberg/1DV610/Laborations/visual-schedule-app/src/services/StorageService.js": {"path":"/Users/blineramoberg/1DV610/Laborations/visual-schedule-app/src/services/StorageService.js","statementMap":{"0":{"start":{"line":15,"column":4},"end":{"line":17,"column":5}},"1":{"start":{"line":16,"column":6},"end":{"line":16,"column":57}},"2":{"start":{"line":18,"column":4},"end":{"line":18,"column":33}},"3":{"start":{"line":27,"column":4},"end":{"line":30,"column":5}},"4":{"start":{"line":28,"column":6},"end":{"line":28,"column":55}},"5":{"start":{"line":29,"column":6},"end":{"line":29,"column":18}},"6":{"start":{"line":32,"column":4},"end":{"line":40,"column":5}},"7":{"start":{"line":33,"column":19},"end":{"line":33,"column":39}},"8":{"start":{"line":34,"column":6},"end":{"line":34,"column":50}},"9":{"start":{"line":35,"column":6},"end":{"line":35,"column":53}},"10":{"start":{"line":36,"column":6},"end":{"line":36,"column":17}},"11":{"start":{"line":38,"column":6},"end":{"line":38,"column":34}},"12":{"start":{"line":39,"column":6},"end":{"line":39,"column":18}},"13":{"start":{"line":48,"column":4},"end":{"line":63,"column":5}},"14":{"start":{"line":49,"column":21},"end":{"line":49,"column":59}},"15":{"start":{"line":50,"column":6},"end":{"line":53,"column":7}},"16":{"start":{"line":51,"column":8},"end":{"line":51,"column":56}},"17":{"start":{"line":52,"column":8},"end":{"line":52,"column":19}},"18":{"start":{"line":55,"column":19},"end":{"line":55,"column":37}},"19":{"start":{"line":56,"column":6},"end":{"line":56,"column":53}},"20":{"start":{"line":57,"column":6},"end":{"line":57,"column":17}},"21":{"start":{"line":59,"column":6},"end":{"line":59,"column":77}},"22":{"start":{"line":60,"column":6},"end":{"line":60,"column":54}},"23":{"start":{"line":61,"column":6},"end":{"line":61,"column":18}},"24":{"start":{"line":62,"column":6},"end":{"line":62,"column":17}},"25":{"start":{"line":71,"column":4},"end":{"line":78,"column":5}},"26":{"start":{"line":72,"column":6},"end":{"line":72,"column":47}},"27":{"start":{"line":73,"column":6},"end":{"line":73,"column":54}},"28":{"start":{"line":74,"column":6},"end":{"line":74,"column":17}},"29":{"start":{"line":76,"column":6},"end":{"line":76,"column":78}},"30":{"start":{"line":77,"column":6},"end":{"line":77,"column":18}},"31":{"start":{"line":86,"column":4},"end":{"line":91,"column":5}},"32":{"start":{"line":87,"column":6},"end":{"line":87,"column":60}},"33":{"start":{"line":89,"column":6},"end":{"line":89,"column":78}},"34":{"start":{"line":90,"column":6},"end":{"line":90,"column":18}},"35":{"start":{"line":100,"column":15},"end":{"line":100,"column":43}},"36":{"start":{"line":101,"column":4},"end":{"line":101,"column":15}},"37":{"start":{"line":109,"column":4},"end":{"line":113,"column":5}},"38":{"start":{"line":110,"column":6},"end":{"line":110,"column":57}},"39":{"start":{"line":112,"column":6},"end":{"line":112,"column":77}}},"fnMap":{"0":{"name":"(anonymous_0)","decl":{"start":{"line":14,"column":2},"end":{"line":14,"column":3}},"loc":{"start":{"line":14,"column":26},"end":{"line":19,"column":3}},"line":14},"1":{"name":"(anonymous_1)","decl":{"start":{"line":26,"column":2},"end":{"line":26,"column":3}},"loc":{"start":{"line":26,"column":13},"end":{"line":41,"column":3}},"line":26},"2":{"name":"(anonymous_2)","decl":{"start":{"line":47,"column":2},"end":{"line":47,"column":3}},"loc":{"start":{"line":47,"column":9},"end":{"line":64,"column":3}},"line":47},"3":{"name":"(anonymous_3)","decl":{"start":{"line":70,"column":2},"end":{"line":70,"column":3}},"loc":{"start":{"line":70,"column":10},"end":{"line":79,"column":3}},"line":70},"4":{"name":"(anonymous_4)","decl":{"start":{"line":85,"column":2},"end":{"line":85,"column":3}},"loc":{"start":{"line":85,"column":11},"end":{"line":92,"column":3}},"line":85}},"branchMap":{"0":{"loc":{"start":{"line":15,"column":4},"end":{"line":17,"column":5}},"type":"if","locations":[{"start":{"line":15,"column":4},"end":{"line":17,"column":5}},{"start":{},"end":{}}],"line":15},"1":{"loc":{"start":{"line":27,"column":4},"end":{"line":30,"column":5}},"type":"if","locations":[{"start":{"line":27,"column":4},"end":{"line":30,"column":5}},{"start":{},"end":{}}],"line":27},"2":{"loc":{"start":{"line":50,"column":6},"end":{"line":53,"column":7}},"type":"if","locations":[{"start":{"line":50,"column":6},"end":{"line":53,"column":7}},{"start":{},"end":{}}],"line":50},"3":{"loc":{"start":{"line":100,"column":15},"end":{"line":100,"column":43}},"type":"binary-expr","locations":[{"start":{"line":100,"column":15},"end":{"line":100,"column":28}},{"start":{"line":100,"column":32},"end":{"line":100,"column":43}}],"line":100},"4":{"loc":{"start":{"line":109,"column":4},"end":{"line":113,"column":5}},"type":"if","locations":[{"start":{"line":109,"column":4},"end":{"line":113,"column":5}},{"start":{"line":111,"column":11},"end":{"line":113,"column":5}}],"line":109}},"s":{"0":4,"1":0,"2":4,"3":3,"4":0,"5":0,"6":3,"7":3,"8":3,"9":0,"10":0,"11":3,"12":3,"13":4,"14":4,"15":0,"16":0,"17":0,"18":0,"19":0,"20":0,"21":4,"22":4,"23":4,"24":4,"25":4,"26":4,"27":0,"28":0,"29":4,"30":4,"31":0,"32":0,"33":0,"34":0,"35":15,"36":15,"37":3,"38":0,"39":3},"f":{"0":4,"1":3,"2":4,"3":4,"4":0},"b":{"0":[0,4],"1":[0,3],"2":[0,0],"3":[15,0],"4":[0,3]},"inputSourceMap":null,"_coverageSchema":"1a1c01bbd47fc00a2c39e90264f33305004495a9","hash":"6b123fbdd41357ca494471180a81e78201dfda65"}
}
